mode: set
github.com/uoch/module2_task0/main.go:13.13,15.44 2 0
github.com/uoch/module2_task0/main.go:18.3,21.58 2 0
github.com/uoch/module2_task0/main.go:15.44,17.4 1 0
github.com/uoch/module2_task0/main.go:24.32,36.2 5 1
github.com/uoch/module2_task0/main.go:38.65,46.2 2 1
github.com/uoch/module2_task0/main.go:47.59,55.26 4 1
github.com/uoch/module2_task0/main.go:65.3,65.17 1 1
github.com/uoch/module2_task0/main.go:71.3,74.57 2 1
github.com/uoch/module2_task0/main.go:56.13,58.22 1 1
github.com/uoch/module2_task0/main.go:59.14,61.28 1 1
github.com/uoch/module2_task0/main.go:65.17,68.4 2 1
